2026-02-13 16:11:06 | READ | users.json
2026-02-13 16:11:06 | READ | pending_users.json
2026-02-13 16:11:18 | READ | users.json
2026-02-13 16:11:18 | READ | pending_users.json
2026-02-13 16:11:18 | WRITE | pending_users.json
2026-02-13 16:11:18 | READ | email_config.json
2026-02-13 16:11:50 | READ | users.json
2026-02-13 16:11:50 | READ | audit_logs.json
2026-02-13 16:11:50 | WRITE | audit_logs.json
2026-02-13 16:11:51 | READ | pending_users.json
2026-02-13 16:11:51 | READ | password_reset_requests.json
2026-02-13 16:11:51 | READ | audit_logs.json
2026-02-13 16:11:51 | WRITE | audit_logs.json
2026-02-13 16:11:51 | READ | audit_logs.json
2026-02-13 16:11:51 | WRITE | audit_logs.json
2026-02-13 16:11:51 | READ | users.json
2026-02-13 16:11:51 | READ | pending_users.json
2026-02-13 16:11:51 | READ | password_reset_requests.json
2026-02-13 16:11:51 | READ | allocations.json
2026-02-13 16:11:52 | READ | pending_users.json
2026-02-13 16:11:52 | READ | password_reset_requests.json
2026-02-13 16:11:52 | READ | pending_users.json
2026-02-13 16:11:52 | READ | password_reset_requests.json
2026-02-13 16:11:52 | READ | audit_logs.json
2026-02-13 16:11:52 | WRITE | audit_logs.json
2026-02-13 16:11:52 | READ | audit_logs.json
2026-02-13 16:11:52 | WRITE | audit_logs.json
2026-02-13 16:11:52 | READ | pending_users.json
2026-02-13 16:11:52 | READ | password_reset_requests.json
2026-02-13 16:11:52 | READ | users.json
2026-02-13 16:11:52 | READ | pending_users.json
2026-02-13 16:11:55 | READ | pending_users.json
2026-02-13 16:11:55 | READ | password_reset_requests.json
2026-02-13 16:11:55 | READ | audit_logs.json
2026-02-13 16:11:55 | WRITE | audit_logs.json
2026-02-13 16:11:55 | READ | audit_logs.json
2026-02-13 16:11:55 | WRITE | audit_logs.json
2026-02-13 16:11:55 | READ | pending_users.json
2026-02-13 16:11:55 | READ | password_reset_requests.json
2026-02-13 16:11:55 | READ | users.json
2026-02-13 16:11:55 | READ | pending_users.json
2026-02-13 16:11:55 | READ | pending_users.json
2026-02-13 16:11:55 | WRITE | pending_users.json
2026-02-13 16:11:55 | READ | audit_logs.json
2026-02-13 16:11:55 | WRITE | audit_logs.json
2026-02-13 16:11:55 | READ | pending_users.json
2026-02-13 16:11:55 | READ | password_reset_requests.json
2026-02-13 16:11:55 | READ | audit_logs.json
2026-02-13 16:11:55 | WRITE | audit_logs.json
2026-02-13 16:11:55 | READ | audit_logs.json
2026-02-13 16:11:55 | WRITE | audit_logs.json
2026-02-13 16:11:55 | READ | pending_users.json
2026-02-13 16:11:55 | READ | password_reset_requests.json
2026-02-13 16:11:55 | READ | users.json
2026-02-13 16:11:55 | READ | pending_users.json
2026-02-13 16:11:57 | READ | pending_users.json
2026-02-13 16:11:57 | READ | password_reset_requests.json
2026-02-13 16:11:57 | READ | audit_logs.json
2026-02-13 16:11:57 | WRITE | audit_logs.json
2026-02-13 16:11:57 | READ | audit_logs.json
2026-02-13 16:11:57 | WRITE | audit_logs.json
2026-02-13 16:11:57 | READ | pending_users.json
2026-02-13 16:11:57 | READ | password_reset_requests.json
2026-02-13 16:11:57 | READ | users.json
2026-02-13 16:11:57 | READ | pending_users.json
2026-02-13 16:11:57 | READ | pending_users.json
2026-02-13 16:11:57 | WRITE | pending_users.json
2026-02-13 16:11:57 | READ | audit_logs.json
2026-02-13 16:11:57 | WRITE | audit_logs.json
2026-02-13 16:11:57 | READ | pending_users.json
2026-02-13 16:11:57 | READ | password_reset_requests.json
2026-02-13 16:11:57 | READ | audit_logs.json
2026-02-13 16:11:57 | WRITE | audit_logs.json
2026-02-13 16:11:57 | READ | audit_logs.json
2026-02-13 16:11:57 | WRITE | audit_logs.json
2026-02-13 16:11:57 | READ | pending_users.json
2026-02-13 16:11:57 | READ | password_reset_requests.json
2026-02-13 16:11:57 | READ | users.json
2026-02-13 16:11:57 | READ | pending_users.json
2026-02-13 16:12:02 | READ | pending_users.json
2026-02-13 16:12:02 | READ | password_reset_requests.json
2026-02-13 16:12:02 | READ | audit_logs.json
2026-02-13 16:12:02 | WRITE | audit_logs.json
2026-02-13 16:12:02 | READ | change_requests.json
2026-02-13 16:12:05 | READ | pending_users.json
2026-02-13 16:12:05 | READ | password_reset_requests.json
2026-02-13 16:12:05 | READ | audit_logs.json
2026-02-13 16:12:05 | WRITE | audit_logs.json
2026-02-13 16:12:05 | READ | change_requests.json
2026-02-13 16:12:05 | READ | pending_users.json
2026-02-13 16:12:05 | READ | password_reset_requests.json
2026-02-13 16:12:05 | READ | audit_logs.json
2026-02-13 16:12:05 | WRITE | audit_logs.json
2026-02-13 16:12:07 | READ | pending_users.json
2026-02-13 16:12:07 | READ | password_reset_requests.json
2026-02-13 16:12:07 | READ | audit_logs.json
2026-02-13 16:12:07 | WRITE | audit_logs.json
2026-02-13 16:12:07 | READ | pending_users.json
2026-02-13 16:12:07 | READ | password_reset_requests.json
2026-02-13 16:12:07 | READ | audit_logs.json
2026-02-13 16:12:07 | WRITE | audit_logs.json
2026-02-13 16:12:07 | READ | change_requests.json
2026-02-13 16:12:19 | READ | pending_users.json
2026-02-13 16:12:19 | READ | password_reset_requests.json
